[LOG] System::create                           : Header version = 2.00.10. Current version = 2.00.10.
[LOG] Manager::init                            : maxchannels = 256 studioflags = 00000006 flags 00000000 extradriverdata 0x0.
[LOG] SystemI::init                            : Initialize version=20010 (110198), maxchannels=256, flags=0x00020000
[LOG] SystemI::setOutputInternal               : Setting output to 'FMOD Core Audio Output'
[LOG] OutputCoreAudio::init                    : Output running 2 channels at 48000Hz sample rate.
[LOG] OutputCoreAudio::init                    : Maximum hardware read size: 1024 samples, Software buffer size: 512 samples, Number of software buffers: 4.
[LOG] Thread::initThread                       : Init FMOD stream thread. Priority: 2, Stack Size: 98304, Semaphore: No, Sleep Time: 10, Looping: Yes.
[LOG] Thread::initThread                       : Init FMOD mixer thread. Priority: 3, Stack Size: 81920, Semaphore: Yes, Sleep Time: 0, Looping: Yes.
[LOG] AsyncManager::init                       : manager 0x7ffc5d0ffc08 isAsync 0 updatePeriod 0.02
[LOG] AsyncManager::init                       : done
[LOG] PlaybackSystem::init                     : 
[LOG] Thread::initThread                       : Init FMOD Studio sample load thread. Priority: 0, Stack Size: 98304, Semaphore: No, Sleep Time: 1, Looping: No.
[LOG] PlaybackSystem::init                     : done
[LOG] Thread::initThread                       : Init FMOD Studio bank load thread. Priority: 0, Stack Size: 98304, Semaphore: No, Sleep Time: 1, Looping: No.
[LOG] Manager::init                            : done.
[LOG] Manager::readBank                        : fileversion = 125, compatVersion = 119 (oldest = 44, newest = 125)
[LOG] PlaybackSystem::acquireMasterBus         : Setting master channel group format to 6
[LOG] Manager::readBank                        : fileversion = 125, compatVersion = 119 (oldest = 44, newest = 125)
[LOG] SystemI::createSoundInternal             : Create name='', mode=0x02000202
[LOG] SystemI::createSoundInternal             : exinfo->cbsize             = 224
[LOG] SystemI::createSoundInternal             : exinfo->length             = 21857824
[LOG] SystemI::createSoundInternal             : exinfo->fileoffset         = 92224
[LOG] SystemI::createSoundInternal             : exinfo->numsubsounds       = 1
[LOG] SystemI::createSoundInternal             : exinfo->inclusionlist      = 0x70000384494c
[LOG] SystemI::createSoundInternal             : exinfo->inclusionlistnum   = 1
[LOG] SystemI::createSoundInternal             : exinfo->suggestedsoundtype = 5
[LOG] SystemI::createSoundInternal             : exinfo->useropen           = 0x1519fa9e4
[LOG] SystemI::createSoundInternal             : exinfo->userclose          = 0x1519faa9b
[LOG] SystemI::createSoundInternal             : exinfo->userread           = 0x1519faac8
[LOG] SystemI::createSoundInternal             : exinfo->userseek           = 0x1519fab6a
[LOG] SystemI::createSoundInternal             : exinfo->fileuserdata       = 0x7ffc4b5ccd48
[LOG] SystemI::createSoundInternal             : exinfo->initialseekpostype = 1
[LOG] SystemI::DSPCodecPoolRegister            : register codec pool for pool type 5
[LOG] SystemI::createSoundInternal             : Sample 0/1: name='carcass_rip_02', format=2, channels=2, frequency=48000, lengthbytes=14560, lengthpcm=36160, pcmblocksize=0, loopstart=0, loopend=0, mode=0x00000000, channelmask=0x00000000, channelorder=0, peakvolume=0.949341.
[LOG] SystemI::createSoundInternal             : Create name='', mode=0x02000202
[LOG] SystemI::createSoundInternal             : exinfo->cbsize             = 224
[LOG] SystemI::createSoundInternal             : exinfo->length             = 21857824
[LOG] SystemI::createSoundInternal             : exinfo->fileoffset         = 92224
[LOG] SystemI::createSoundInternal             : exinfo->numsubsounds       = 1
[LOG] SystemI::createSoundInternal             : exinfo->inclusionlist      = 0x70000384494c
[LOG] SystemI::createSoundInternal             : exinfo->inclusionlistnum   = 1
[LOG] SystemI::createSoundInternal             : exinfo->suggestedsoundtype = 5
[LOG] SystemI::createSoundInternal             : exinfo->useropen           = 0x1519fa9e4
[LOG] SystemI::createSoundInternal             : exinfo->userclose          = 0x1519faa9b
[LOG] SystemI::createSoundInternal             : exinfo->userread           = 0x1519faac8
[LOG] SystemI::createSoundInternal             : exinfo->userseek           = 0x1519fab6a
[LOG] SystemI::createSoundInternal             : exinfo->fileuserdata       = 0x7ffc4b5ccd48
[LOG] SystemI::createSoundInternal             : exinfo->initialseekpostype = 1
[LOG] SystemI::DSPCodecPoolRegister            : register codec pool for pool type 5
[LOG] SystemI::createSoundInternal             : Sample 0/1: name='carcass_rip_01', format=2, channels=2, frequency=48000, lengthbytes=14368, lengthpcm=43431, pcmblocksize=0, loopstart=0, loopend=0, mode=0x00000000, channelmask=0x00000000, channelorder=0, peakvolume=0.946381.
[LOG] SoundI::release                          :  (0x7ffc4b5cdf58)
[LOG] SoundI::release                          :     carcass_rip_01 (0x7ffc4b5ce0c8)
[LOG] SoundI::release                          :  (0x7ffc4b5cda58)
[LOG] SoundI::release                          :     carcass_rip_02 (0x7ffc4b5cdc18)
[LOG] Manager::readBank                        : fileversion = 125, compatVersion = 119 (oldest = 44, newest = 125)
[LOG] PlaybackSystem::acquireMasterBus         : Setting master channel group format to 6
[LOG] Manager::readBank                        : fileversion = 125, compatVersion = 119 (oldest = 44, newest = 125)
[LOG] SystemI::createSoundInternal             : Create name='', mode=0x02000202
[LOG] SystemI::createSoundInternal             : exinfo->cbsize             = 224
[LOG] SystemI::createSoundInternal             : exinfo->length             = 21857824
[LOG] SystemI::createSoundInternal             : exinfo->fileoffset         = 92224
[LOG] SystemI::createSoundInternal             : exinfo->numsubsounds       = 1
[LOG] SystemI::createSoundInternal             : exinfo->inclusionlist      = 0x70000384494c
[LOG] SystemI::createSoundInternal             : exinfo->inclusionlistnum   = 1
[LOG] SystemI::createSoundInternal             : exinfo->suggestedsoundtype = 5
[LOG] SystemI::createSoundInternal             : exinfo->useropen           = 0x1519fa9e4
[LOG] SystemI::createSoundInternal             : exinfo->userclose          = 0x1519faa9b
[LOG] SystemI::createSoundInternal             : exinfo->userread           = 0x1519faac8
[LOG] SystemI::createSoundInternal             : exinfo->userseek           = 0x1519fab6a
[LOG] SystemI::createSoundInternal             : exinfo->fileuserdata       = 0x7ffc4d62d208
[LOG] SystemI::createSoundInternal             : exinfo->initialseekpostype = 1
[LOG] SystemI::DSPCodecPoolRegister            : register codec pool for pool type 5
[LOG] SystemI::createSoundInternal             : Sample 0/1: name='bullet_impact_wood_03', format=2, channels=2, frequency=48000, lengthbytes=11136, lengthpcm=42354, pcmblocksize=0, loopstart=0, loopend=0, mode=0x00000000, channelmask=0x00000000, channelorder=0, peakvolume=0.950317.
[LOG] SystemI::createSoundInternal             : Create name='', mode=0x02000202
[LOG] SystemI::createSoundInternal             : exinfo->cbsize             = 224
[LOG] SystemI::createSoundInternal             : exinfo->length             = 21857824
[LOG] SystemI::createSoundInternal             : exinfo->fileoffset         = 92224
[LOG] SystemI::createSoundInternal             : exinfo->numsubsounds       = 1
[LOG] SystemI::createSoundInternal             : exinfo->inclusionlist      = 0x70000384494c
[LOG] SystemI::createSoundInternal             : exinfo->inclusionlistnum   = 1
[LOG] SystemI::createSoundInternal             : exinfo->suggestedsoundtype = 5
[LOG] SystemI::createSoundInternal             : exinfo->useropen           = 0x1519fa9e4
[LOG] SystemI::createSoundInternal             : exinfo->userclose          = 0x1519faa9b
[LOG] SystemI::createSoundInternal             : exinfo->userread           = 0x1519faac8
[LOG] SystemI::createSoundInternal             : exinfo->userseek           = 0x1519fab6a
[LOG] SystemI::createSoundInternal             : exinfo->fileuserdata       = 0x7ffc4d62d208
[LOG] SystemI::createSoundInternal             : exinfo->initialseekpostype = 1
[LOG] SystemI::DSPCodecPoolRegister            : register codec pool for pool type 5
[LOG] SystemI::createSoundInternal             : Sample 0/1: name='wooden_plank_impact_04', format=2, channels=2, frequency=48000, lengthbytes=11264, lengthpcm=43264, pcmblocksize=0, loopstart=0, loopend=0, mode=0x00000000, channelmask=0x00000000, channelorder=0, peakvolume=0.999878.
[LOG] SystemI::createSoundInternal             : Create name='', mode=0x02000202
[LOG] SystemI::createSoundInternal             : exinfo->cbsize             = 224
[LOG] SystemI::createSoundInternal             : exinfo->length             = 21857824
[LOG] SystemI::createSoundInternal             : exinfo->fileoffset         = 92224
[LOG] SystemI::createSoundInternal             : exinfo->numsubsounds       = 1
[LOG] SystemI::createSoundInternal             : exinfo->inclusionlist      = 0x70000384494c
[LOG] SystemI::createSoundInternal             : exinfo->inclusionlistnum   = 1
[LOG] SystemI::createSoundInternal             : exinfo->suggestedsoundtype = 5
[LOG] SystemI::createSoundInternal             : exinfo->useropen           = 0x1519fa9e4
[LOG] SystemI::createSoundInternal             : exinfo->userclose          = 0x1519faa9b
[LOG] SystemI::createSoundInternal             : exinfo->userread           = 0x1519faac8
[LOG] SystemI::createSoundInternal             : exinfo->userseek           = 0x1519fab6a
[LOG] SystemI::createSoundInternal             : exinfo->fileuserdata       = 0x7ffc4d62d208
[LOG] SystemI::createSoundInternal             : exinfo->initialseekpostype = 1
[LOG] SystemI::DSPCodecPoolRegister            : register codec pool for pool type 5
[LOG] SystemI::createSoundInternal             : Sample 0/1: name='wooden_plank_impact_02', format=2, channels=2, frequency=48000, lengthbytes=10336, lengthpcm=39424, pcmblocksize=0, loopstart=0, loopend=0, mode=0x00000000, channelmask=0x00000000, channelorder=0, peakvolume=0.999115.
[LOG] SystemI::createSoundInternal             : Create name='', mode=0x02000202
[LOG] SystemI::createSoundInternal             : exinfo->cbsize             = 224
[LOG] SystemI::createSoundInternal             : exinfo->length             = 21857824
[LOG] SystemI::createSoundInternal             : exinfo->fileoffset         = 92224
[LOG] SystemI::createSoundInternal             : exinfo->numsubsounds       = 1
[LOG] SystemI::createSoundInternal             : exinfo->inclusionlist      = 0x70000384494c
[LOG] SystemI::createSoundInternal             : exinfo->inclusionlistnum   = 1
[LOG] SystemI::createSoundInternal             : exinfo->suggestedsoundtype = 5
[LOG] SystemI::createSoundInternal             : exinfo->useropen           = 0x1519fa9e4
[LOG] SystemI::createSoundInternal             : exinfo->userclose          = 0x1519faa9b
[LOG] SystemI::createSoundInternal             : exinfo->userread           = 0x1519faac8
[LOG] SystemI::createSoundInternal             : exinfo->userseek           = 0x1519fab6a
[LOG] SystemI::createSoundInternal             : exinfo->fileuserdata       = 0x7ffc4d62d208
[LOG] SystemI::createSoundInternal             : exinfo->initialseekpostype = 1
[LOG] SystemI::DSPCodecPoolRegister            : register codec pool for pool type 5
[LOG] SystemI::createSoundInternal             : Sample 0/1: name='wooden_plank_impact_01', format=2, channels=2, frequency=48000, lengthbytes=11168, lengthpcm=43264, pcmblocksize=0, loopstart=0, loopend=0, mode=0x00000000, channelmask=0x00000000, channelorder=0, peakvolume=0.999542.
[LOG] SystemI::createSoundInternal             : Create name='', mode=0x02000202
[LOG] SystemI::createSoundInternal             : exinfo->cbsize             = 224
[LOG] SystemI::createSoundInternal             : exinfo->length             = 21857824
[LOG] SystemI::createSoundInternal             : exinfo->fileoffset         = 92224
[LOG] SystemI::createSoundInternal             : exinfo->numsubsounds       = 1
[LOG] SystemI::createSoundInternal             : exinfo->inclusionlist      = 0x70000384494c
[LOG] SystemI::createSoundInternal             : exinfo->inclusionlistnum   = 1
[LOG] SystemI::createSoundInternal             : exinfo->suggestedsoundtype = 5
[LOG] SystemI::createSoundInternal             : exinfo->useropen           = 0x1519fa9e4
[LOG] SystemI::createSoundInternal             : exinfo->userclose          = 0x1519faa9b
[LOG] SystemI::createSoundInternal             : exinfo->userread           = 0x1519faac8
[LOG] SystemI::createSoundInternal             : exinfo->userseek           = 0x1519fab6a
[LOG] SystemI::createSoundInternal             : exinfo->fileuserdata       = 0x7ffc4d62d208
[LOG] SystemI::createSoundInternal             : exinfo->initialseekpostype = 1
[LOG] SystemI::DSPCodecPoolRegister            : register codec pool for pool type 5
[LOG] SystemI::createSoundInternal             : Sample 0/1: name='bullet_impact_wood_04', format=2, channels=2, frequency=48000, lengthbytes=13376, lengthpcm=42354, pcmblocksize=0, loopstart=0, loopend=0, mode=0x00000000, channelmask=0x00000000, channelorder=0, peakvolume=0.964722.
[LOG] SystemI::createSoundInternal             : Create name='', mode=0x02000202
[LOG] SystemI::createSoundInternal             : exinfo->cbsize             = 224
[LOG] SystemI::createSoundInternal             : exinfo->length             = 21857824
[LOG] SystemI::createSoundInternal             : exinfo->fileoffset         = 92224
[LOG] SystemI::createSoundInternal             : exinfo->numsubsounds       = 1
[LOG] SystemI::createSoundInternal             : exinfo->inclusionlist      = 0x70000384494c
[LOG] SystemI::createSoundInternal             : exinfo->inclusionlistnum   = 1
[LOG] SystemI::createSoundInternal             : exinfo->suggestedsoundtype = 5
[LOG] SystemI::createSoundInternal             : exinfo->useropen           = 0x1519fa9e4
[LOG] SystemI::createSoundInternal             : exinfo->userclose          = 0x1519faa9b
[LOG] SystemI::createSoundInternal             : exinfo->userread           = 0x1519faac8
[LOG] SystemI::createSoundInternal             : exinfo->userseek           = 0x1519fab6a
[LOG] SystemI::createSoundInternal             : exinfo->fileuserdata       = 0x7ffc4d62d208
[LOG] SystemI::createSoundInternal             : exinfo->initialseekpostype = 1
[LOG] SystemI::DSPCodecPoolRegister            : register codec pool for pool type 5
[LOG] SystemI::createSoundInternal             : Sample 0/1: name='bullet_impact_wood_02', format=2, channels=2, frequency=48000, lengthbytes=9632, lengthpcm=35666, pcmblocksize=0, loopstart=0, loopend=0, mode=0x00000000, channelmask=0x00000000, channelorder=0, peakvolume=0.960724.
[LOG] SystemI::createSoundInternal             : Create name='', mode=0x02000202
[LOG] SystemI::createSoundInternal             : exinfo->cbsize             = 224
[LOG] SystemI::createSoundInternal             : exinfo->length             = 21857824
[LOG] SystemI::createSoundInternal             : exinfo->fileoffset         = 92224
[LOG] SystemI::createSoundInternal             : exinfo->numsubsounds       = 1
[LOG] SystemI::createSoundInternal             : exinfo->inclusionlist      = 0x70000384494c
[LOG] SystemI::createSoundInternal             : exinfo->inclusionlistnum   = 1
[LOG] SystemI::createSoundInternal             : exinfo->suggestedsoundtype = 5
[LOG] SystemI::createSoundInternal             : exinfo->useropen           = 0x1519fa9e4
[LOG] SystemI::createSoundInternal             : exinfo->userclose          = 0x1519faa9b
[LOG] SystemI::createSoundInternal             : exinfo->userread           = 0x1519faac8
[LOG] SystemI::createSoundInternal             : exinfo->userseek           = 0x1519fab6a
[LOG] SystemI::createSoundInternal             : exinfo->fileuserdata       = 0x7ffc4d62d208
[LOG] SystemI::createSoundInternal             : exinfo->initialseekpostype = 1
[LOG] SystemI::DSPCodecPoolRegister            : register codec pool for pool type 5
[LOG] SystemI::createSoundInternal             : Sample 0/1: name='wooden_plank_impact_03', format=2, channels=2, frequency=48000, lengthbytes=11264, lengthpcm=44032, pcmblocksize=0, loopstart=0, loopend=0, mode=0x00000000, channelmask=0x00000000, channelorder=0, peakvolume=0.999969.
[LOG] SystemI::createSoundInternal             : Create name='', mode=0x02000202
[LOG] SystemI::createSoundInternal             : exinfo->cbsize             = 224
[LOG] SystemI::createSoundInternal             : exinfo->length             = 21857824
[LOG] SystemI::createSoundInternal             : exinfo->fileoffset         = 92224
[LOG] SystemI::createSoundInternal             : exinfo->numsubsounds       = 1
[LOG] SystemI::createSoundInternal             : exinfo->inclusionlist      = 0x70000384494c
[LOG] SystemI::createSoundInternal             : exinfo->inclusionlistnum   = 1
[LOG] SystemI::createSoundInternal             : exinfo->suggestedsoundtype = 5
[LOG] SystemI::createSoundInternal             : exinfo->useropen           = 0x1519fa9e4
[LOG] SystemI::createSoundInternal             : exinfo->userclose          = 0x1519faa9b
[LOG] SystemI::createSoundInternal             : exinfo->userread           = 0x1519faac8
[LOG] SystemI::createSoundInternal             : exinfo->userseek           = 0x1519fab6a
[LOG] SystemI::createSoundInternal             : exinfo->fileuserdata       = 0x7ffc4d62d208
[LOG] SystemI::createSoundInternal             : exinfo->initialseekpostype = 1
[LOG] SystemI::DSPCodecPoolRegister            : register codec pool for pool type 5
[LOG] SystemI::createSoundInternal             : Sample 0/1: name='bullet_impact_wood_01', format=2, channels=2, frequency=48000, lengthbytes=11808, lengthpcm=44583, pcmblocksize=0, loopstart=0, loopend=0, mode=0x00000000, channelmask=0x00000000, channelorder=0, peakvolume=0.945740.
[LOG] SoundI::release                          :  (0x7ffc4d6508b8)
[LOG] SoundI::release                          :     wooden_plank_impact_01 (0x7ffc4d650a28)
[LOG] SoundI::release                          :  (0x7ffc4d650408)
[LOG] SoundI::release                          :     wooden_plank_impact_02 (0x7ffc4d650578)
[LOG] SoundI::release                          :  (0x7ffc4d6516c8)
[LOG] SoundI::release                          :     wooden_plank_impact_03 (0x7ffc4d651838)
[LOG] SoundI::release                          :  (0x7ffc4d64ff58)
[LOG] SoundI::release                          :     wooden_plank_impact_04 (0x7ffc4d6500c8)
[LOG] SoundI::release                          :  (0x7ffc4d651b78)
[LOG] SoundI::release                          :     bullet_impact_wood_01 (0x7ffc4d651ce8)
[LOG] SoundI::release                          :  (0x7ffc4d651218)
[LOG] SoundI::release                          :     bullet_impact_wood_02 (0x7ffc4d651388)
[LOG] SoundI::release                          :  (0x7ffc4d62a738)
[LOG] SoundI::release                          :     bullet_impact_wood_03 (0x7ffc4d62a8a8)
[LOG] SoundI::release                          :  (0x7ffc4d650d68)
[LOG] SoundI::release                          :     bullet_impact_wood_04 (0x7ffc4d650ed8)
[LOG] Manager::readBank                        : fileversion = 125, compatVersion = 119 (oldest = 44, newest = 125)
[LOG] PlaybackSystem::acquireMasterBus         : Setting master channel group format to 6
[LOG] Manager::readBank                        : fileversion = 125, compatVersion = 119 (oldest = 44, newest = 125)
[LOG] SystemI::createSoundInternal             : Create name='', mode=0x02000202
[LOG] SystemI::createSoundInternal             : exinfo->cbsize             = 224
[LOG] SystemI::createSoundInternal             : exinfo->length             = 21857824
[LOG] SystemI::createSoundInternal             : exinfo->fileoffset         = 92224
[LOG] SystemI::createSoundInternal             : exinfo->numsubsounds       = 1
[LOG] SystemI::createSoundInternal             : exinfo->inclusionlist      = 0x70000384494c
[LOG] SystemI::createSoundInternal             : exinfo->inclusionlistnum   = 1
[LOG] SystemI::createSoundInternal             : exinfo->suggestedsoundtype = 5
[LOG] SystemI::createSoundInternal             : exinfo->useropen           = 0x1519fa9e4
[LOG] SystemI::createSoundInternal             : exinfo->userclose          = 0x1519faa9b
[LOG] SystemI::createSoundInternal             : exinfo->userread           = 0x1519faac8
[LOG] SystemI::createSoundInternal             : exinfo->userseek           = 0x1519fab6a
[LOG] SystemI::createSoundInternal             : exinfo->fileuserdata       = 0x7ffc4d72c2c8
[LOG] SystemI::createSoundInternal             : exinfo->initialseekpostype = 1
[LOG] SystemI::DSPCodecPoolRegister            : register codec pool for pool type 5
[LOG] SystemI::createSoundInternal             : Sample 0/1: name='bullet_impact_wood_03', format=2, channels=2, frequency=48000, lengthbytes=11136, lengthpcm=42354, pcmblocksize=0, loopstart=0, loopend=0, mode=0x00000000, channelmask=0x00000000, channelorder=0, peakvolume=0.950317.
[LOG] SystemI::createSoundInternal             : Create name='', mode=0x02000202
[LOG] SystemI::createSoundInternal             : exinfo->cbsize             = 224
[LOG] SystemI::createSoundInternal             : exinfo->length             = 21857824
[LOG] SystemI::createSoundInternal             : exinfo->fileoffset         = 92224
[LOG] SystemI::createSoundInternal             : exinfo->numsubsounds       = 1
[LOG] SystemI::createSoundInternal             : exinfo->inclusionlist      = 0x70000384494c
[LOG] SystemI::createSoundInternal             : exinfo->inclusionlistnum   = 1
[LOG] SystemI::createSoundInternal             : exinfo->suggestedsoundtype = 5
[LOG] SystemI::createSoundInternal             : exinfo->useropen           = 0x1519fa9e4
[LOG] SystemI::createSoundInternal             : exinfo->userclose          = 0x1519faa9b
[LOG] SystemI::createSoundInternal             : exinfo->userread           = 0x1519faac8
[LOG] SystemI::createSoundInternal             : exinfo->userseek           = 0x1519fab6a
[LOG] SystemI::createSoundInternal             : exinfo->fileuserdata       = 0x7ffc4d72c2c8
[LOG] SystemI::createSoundInternal             : exinfo->initialseekpostype = 1
[LOG] SystemI::DSPCodecPoolRegister            : register codec pool for pool type 5
[LOG] SystemI::createSoundInternal             : Sample 0/1: name='wooden_plank_impact_04', format=2, channels=2, frequency=48000, lengthbytes=11264, lengthpcm=43264, pcmblocksize=0, loopstart=0, loopend=0, mode=0x00000000, channelmask=0x00000000, channelorder=0, peakvolume=0.999878.
[LOG] SystemI::createSoundInternal             : Create name='', mode=0x02000202
[LOG] SystemI::createSoundInternal             : exinfo->cbsize             = 224
[LOG] SystemI::createSoundInternal             : exinfo->length             = 21857824
[LOG] SystemI::createSoundInternal             : exinfo->fileoffset         = 92224
[LOG] SystemI::createSoundInternal             : exinfo->numsubsounds       = 1
[LOG] SystemI::createSoundInternal             : exinfo->inclusionlist      = 0x70000384494c
[LOG] SystemI::createSoundInternal             : exinfo->inclusionlistnum   = 1
[LOG] SystemI::createSoundInternal             : exinfo->suggestedsoundtype = 5
[LOG] SystemI::createSoundInternal             : exinfo->useropen           = 0x1519fa9e4
[LOG] SystemI::createSoundInternal             : exinfo->userclose          = 0x1519faa9b
[LOG] SystemI::createSoundInternal             : exinfo->userread           = 0x1519faac8
[LOG] SystemI::createSoundInternal             : exinfo->userseek           = 0x1519fab6a
[LOG] SystemI::createSoundInternal             : exinfo->fileuserdata       = 0x7ffc4d72c2c8
[LOG] SystemI::createSoundInternal             : exinfo->initialseekpostype = 1
[LOG] SystemI::DSPCodecPoolRegister            : register codec pool for pool type 5
[LOG] SystemI::createSoundInternal             : Sample 0/1: name='wooden_plank_impact_02', format=2, channels=2, frequency=48000, lengthbytes=10336, lengthpcm=39424, pcmblocksize=0, loopstart=0, loopend=0, mode=0x00000000, channelmask=0x00000000, channelorder=0, peakvolume=0.999115.
[LOG] SystemI::createSoundInternal             : Create name='', mode=0x02000202
[LOG] SystemI::createSoundInternal             : exinfo->cbsize             = 224
[LOG] SystemI::createSoundInternal             : exinfo->length             = 21857824
[LOG] SystemI::createSoundInternal             : exinfo->fileoffset         = 92224
[LOG] SystemI::createSoundInternal             : exinfo->numsubsounds       = 1
[LOG] SystemI::createSoundInternal             : exinfo->inclusionlist      = 0x70000384494c
[LOG] SystemI::createSoundInternal             : exinfo->inclusionlistnum   = 1
[LOG] SystemI::createSoundInternal             : exinfo->suggestedsoundtype = 5
[LOG] SystemI::createSoundInternal             : exinfo->useropen           = 0x1519fa9e4
[LOG] SystemI::createSoundInternal             : exinfo->userclose          = 0x1519faa9b
[LOG] SystemI::createSoundInternal             : exinfo->userread           = 0x1519faac8
[LOG] SystemI::createSoundInternal             : exinfo->userseek           = 0x1519fab6a
[LOG] SystemI::createSoundInternal             : exinfo->fileuserdata       = 0x7ffc4d72c2c8
[LOG] SystemI::createSoundInternal             : exinfo->initialseekpostype = 1
[LOG] SystemI::DSPCodecPoolRegister            : register codec pool for pool type 5
[LOG] SystemI::createSoundInternal             : Sample 0/1: name='wooden_plank_impact_01', format=2, channels=2, frequency=48000, lengthbytes=11168, lengthpcm=43264, pcmblocksize=0, loopstart=0, loopend=0, mode=0x00000000, channelmask=0x00000000, channelorder=0, peakvolume=0.999542.
[LOG] SystemI::createSoundInternal             : Create name='', mode=0x02000202
[LOG] SystemI::createSoundInternal             : exinfo->cbsize             = 224
[LOG] SystemI::createSoundInternal             : exinfo->length             = 21857824
[LOG] SystemI::createSoundInternal             : exinfo->fileoffset         = 92224
[LOG] SystemI::createSoundInternal             : exinfo->numsubsounds       = 1
[LOG] SystemI::createSoundInternal             : exinfo->inclusionlist      = 0x70000384494c
[LOG] SystemI::createSoundInternal             : exinfo->inclusionlistnum   = 1
[LOG] SystemI::createSoundInternal             : exinfo->suggestedsoundtype = 5
[LOG] SystemI::createSoundInternal             : exinfo->useropen           = 0x1519fa9e4
[LOG] SystemI::createSoundInternal             : exinfo->userclose          = 0x1519faa9b
[LOG] SystemI::createSoundInternal             : exinfo->userread           = 0x1519faac8
[LOG] SystemI::createSoundInternal             : exinfo->userseek           = 0x1519fab6a
[LOG] SystemI::createSoundInternal             : exinfo->fileuserdata       = 0x7ffc4d72c2c8
[LOG] SystemI::createSoundInternal             : exinfo->initialseekpostype = 1
[LOG] SystemI::DSPCodecPoolRegister            : register codec pool for pool type 5
[LOG] SystemI::createSoundInternal             : Sample 0/1: name='bullet_impact_wood_04', format=2, channels=2, frequency=48000, lengthbytes=13376, lengthpcm=42354, pcmblocksize=0, loopstart=0, loopend=0, mode=0x00000000, channelmask=0x00000000, channelorder=0, peakvolume=0.964722.
[LOG] SystemI::createSoundInternal             : Create name='', mode=0x02000202
[LOG] SystemI::createSoundInternal             : exinfo->cbsize             = 224
[LOG] SystemI::createSoundInternal             : exinfo->length             = 21857824
[LOG] SystemI::createSoundInternal             : exinfo->fileoffset         = 92224
[LOG] SystemI::createSoundInternal             : exinfo->numsubsounds       = 1
[LOG] SystemI::createSoundInternal             : exinfo->inclusionlist      = 0x70000384494c
[LOG] SystemI::createSoundInternal             : exinfo->inclusionlistnum   = 1
[LOG] SystemI::createSoundInternal             : exinfo->suggestedsoundtype = 5
[LOG] SystemI::createSoundInternal             : exinfo->useropen           = 0x1519fa9e4
[LOG] SystemI::createSoundInternal             : exinfo->userclose          = 0x1519faa9b
[LOG] SystemI::createSoundInternal             : exinfo->userread           = 0x1519faac8
[LOG] SystemI::createSoundInternal             : exinfo->userseek           = 0x1519fab6a
[LOG] SystemI::createSoundInternal             : exinfo->fileuserdata       = 0x7ffc4d72c2c8
[LOG] SystemI::createSoundInternal             : exinfo->initialseekpostype = 1
[LOG] SystemI::DSPCodecPoolRegister            : register codec pool for pool type 5
[LOG] SystemI::createSoundInternal             : Sample 0/1: name='bullet_impact_wood_02', format=2, channels=2, frequency=48000, lengthbytes=9632, lengthpcm=35666, pcmblocksize=0, loopstart=0, loopend=0, mode=0x00000000, channelmask=0x00000000, channelorder=0, peakvolume=0.960724.
[LOG] SystemI::createSoundInternal             : Create name='', mode=0x02000202
[LOG] SystemI::createSoundInternal             : exinfo->cbsize             = 224
[LOG] SystemI::createSoundInternal             : exinfo->length             = 21857824
[LOG] SystemI::createSoundInternal             : exinfo->fileoffset         = 92224
[LOG] SystemI::createSoundInternal             : exinfo->numsubsounds       = 1
[LOG] SystemI::createSoundInternal             : exinfo->inclusionlist      = 0x70000384494c
[LOG] SystemI::createSoundInternal             : exinfo->inclusionlistnum   = 1
[LOG] SystemI::createSoundInternal             : exinfo->suggestedsoundtype = 5
[LOG] SystemI::createSoundInternal             : exinfo->useropen           = 0x1519fa9e4
[LOG] SystemI::createSoundInternal             : exinfo->userclose          = 0x1519faa9b
[LOG] SystemI::createSoundInternal             : exinfo->userread           = 0x1519faac8
[LOG] SystemI::createSoundInternal             : exinfo->userseek           = 0x1519fab6a
[LOG] SystemI::createSoundInternal             : exinfo->fileuserdata       = 0x7ffc4d72c2c8
[LOG] SystemI::createSoundInternal             : exinfo->initialseekpostype = 1
[LOG] SystemI::DSPCodecPoolRegister            : register codec pool for pool type 5
[LOG] SystemI::createSoundInternal             : Sample 0/1: name='wooden_plank_impact_03', format=2, channels=2, frequency=48000, lengthbytes=11264, lengthpcm=44032, pcmblocksize=0, loopstart=0, loopend=0, mode=0x00000000, channelmask=0x00000000, channelorder=0, peakvolume=0.999969.
[LOG] SystemI::createSoundInternal             : Create name='', mode=0x02000202
[LOG] SystemI::createSoundInternal             : exinfo->cbsize             = 224
[LOG] SystemI::createSoundInternal             : exinfo->length             = 21857824
[LOG] SystemI::createSoundInternal             : exinfo->fileoffset         = 92224
[LOG] SystemI::createSoundInternal             : exinfo->numsubsounds       = 1
[LOG] SystemI::createSoundInternal             : exinfo->inclusionlist      = 0x70000384494c
[LOG] SystemI::createSoundInternal             : exinfo->inclusionlistnum   = 1
[LOG] SystemI::createSoundInternal             : exinfo->suggestedsoundtype = 5
[LOG] SystemI::createSoundInternal             : exinfo->useropen           = 0x1519fa9e4
[LOG] SystemI::createSoundInternal             : exinfo->userclose          = 0x1519faa9b
[LOG] SystemI::createSoundInternal             : exinfo->userread           = 0x1519faac8
[LOG] SystemI::createSoundInternal             : exinfo->userseek           = 0x1519fab6a
[LOG] SystemI::createSoundInternal             : exinfo->fileuserdata       = 0x7ffc4d72c2c8
[LOG] SystemI::createSoundInternal             : exinfo->initialseekpostype = 1
[LOG] SystemI::DSPCodecPoolRegister            : register codec pool for pool type 5
[LOG] SystemI::createSoundInternal             : Sample 0/1: name='bullet_impact_wood_01', format=2, channels=2, frequency=48000, lengthbytes=11808, lengthpcm=44583, pcmblocksize=0, loopstart=0, loopend=0, mode=0x00000000, channelmask=0x00000000, channelorder=0, peakvolume=0.945740.
[LOG] SoundI::release                          :  (0x7ffc4d72e3c8)
[LOG] SoundI::release                          :     wooden_plank_impact_01 (0x7ffc4d72e538)
[LOG] SoundI::release                          :  (0x7ffc4d72df18)
[LOG] SoundI::release                          :     wooden_plank_impact_02 (0x7ffc4d72e088)
[LOG] SoundI::release                          :  (0x7ffc4d72f1d8)
[LOG] SoundI::release                          :     wooden_plank_impact_03 (0x7ffc4d72f348)
[LOG] SoundI::release                          :  (0x7ffc4d72da68)
[LOG] SoundI::release                          :     wooden_plank_impact_04 (0x7ffc4d72dbd8)
[LOG] SoundI::release                          :  (0x7ffc4d72f688)
[LOG] SoundI::release                          :     bullet_impact_wood_01 (0x7ffc4d72f7f8)
[LOG] SoundI::release                          :  (0x7ffc4d72ed28)
[LOG] SoundI::release                          :     bullet_impact_wood_02 (0x7ffc4d72ee98)
[LOG] SoundI::release                          :  (0x7ffc4d72d5b8)
[LOG] SoundI::release                          :     bullet_impact_wood_03 (0x7ffc4d72d728)
[LOG] SoundI::release                          :  (0x7ffc4d72e878)
[LOG] SoundI::release                          :     bullet_impact_wood_04 (0x7ffc4d72e9e8)
[LOG] Manager::readBank                        : fileversion = 125, compatVersion = 119 (oldest = 44, newest = 125)
[LOG] PlaybackSystem::acquireMasterBus         : Setting master channel group format to 6
[LOG] Manager::readBank                        : fileversion = 125, compatVersion = 119 (oldest = 44, newest = 125)
[LOG] SystemI::createSoundInternal             : Create name='', mode=0x02000202
[LOG] SystemI::createSoundInternal             : exinfo->cbsize             = 224
[LOG] SystemI::createSoundInternal             : exinfo->length             = 21857824
[LOG] SystemI::createSoundInternal             : exinfo->fileoffset         = 92224
[LOG] SystemI::createSoundInternal             : exinfo->numsubsounds       = 1
[LOG] SystemI::createSoundInternal             : exinfo->inclusionlist      = 0x70000384494c
[LOG] SystemI::createSoundInternal             : exinfo->inclusionlistnum   = 1
[LOG] SystemI::createSoundInternal             : exinfo->suggestedsoundtype = 5
[LOG] SystemI::createSoundInternal             : exinfo->useropen           = 0x1519fa9e4
[LOG] SystemI::createSoundInternal             : exinfo->userclose          = 0x1519faa9b
[LOG] SystemI::createSoundInternal             : exinfo->userread           = 0x1519faac8
[LOG] SystemI::createSoundInternal             : exinfo->userseek           = 0x1519fab6a
[LOG] SystemI::createSoundInternal             : exinfo->fileuserdata       = 0x7ffc4b8bf038
[LOG] SystemI::createSoundInternal             : exinfo->initialseekpostype = 1
[LOG] SystemI::DSPCodecPoolRegister            : register codec pool for pool type 5
[LOG] SystemI::createSoundInternal             : Sample 0/1: name='bullet_impact_wood_03', format=2, channels=2, frequency=48000, lengthbytes=11136, lengthpcm=42354, pcmblocksize=0, loopstart=0, loopend=0, mode=0x00000000, channelmask=0x00000000, channelorder=0, peakvolume=0.950317.
[LOG] SystemI::createSoundInternal             : Create name='', mode=0x02000202
[LOG] SystemI::createSoundInternal             : exinfo->cbsize             = 224
[LOG] SystemI::createSoundInternal             : exinfo->length             = 21857824
[LOG] SystemI::createSoundInternal             : exinfo->fileoffset         = 92224
[LOG] SystemI::createSoundInternal             : exinfo->numsubsounds       = 1
[LOG] SystemI::createSoundInternal             : exinfo->inclusionlist      = 0x70000384494c
[LOG] SystemI::createSoundInternal             : exinfo->inclusionlistnum   = 1
[LOG] SystemI::createSoundInternal             : exinfo->suggestedsoundtype = 5
[LOG] SystemI::createSoundInternal             : exinfo->useropen           = 0x1519fa9e4
[LOG] SystemI::createSoundInternal             : exinfo->userclose          = 0x1519faa9b
[LOG] SystemI::createSoundInternal             : exinfo->userread           = 0x1519faac8
[LOG] SystemI::createSoundInternal             : exinfo->userseek           = 0x1519fab6a
[LOG] SystemI::createSoundInternal             : exinfo->fileuserdata       = 0x7ffc4b8bf038
[LOG] SystemI::createSoundInternal             : exinfo->initialseekpostype = 1
[LOG] SystemI::DSPCodecPoolRegister            : register codec pool for pool type 5
[LOG] SystemI::createSoundInternal             : Sample 0/1: name='wooden_plank_impact_04', format=2, channels=2, frequency=48000, lengthbytes=11264, lengthpcm=43264, pcmblocksize=0, loopstart=0, loopend=0, mode=0x00000000, channelmask=0x00000000, channelorder=0, peakvolume=0.999878.
[LOG] SystemI::createSoundInternal             : Create name='', mode=0x02000202
[LOG] SystemI::createSoundInternal             : exinfo->cbsize             = 224
[LOG] SystemI::createSoundInternal             : exinfo->length             = 21857824
[LOG] SystemI::createSoundInternal             : exinfo->fileoffset         = 92224
[LOG] SystemI::createSoundInternal             : exinfo->numsubsounds       = 1
[LOG] SystemI::createSoundInternal             : exinfo->inclusionlist      = 0x70000384494c
[LOG] SystemI::createSoundInternal             : exinfo->inclusionlistnum   = 1
[LOG] SystemI::createSoundInternal             : exinfo->suggestedsoundtype = 5
[LOG] SystemI::createSoundInternal             : exinfo->useropen           = 0x1519fa9e4
[LOG] SystemI::createSoundInternal             : exinfo->userclose          = 0x1519faa9b
[LOG] SystemI::createSoundInternal             : exinfo->userread           = 0x1519faac8
[LOG] SystemI::createSoundInternal             : exinfo->userseek           = 0x1519fab6a
[LOG] SystemI::createSoundInternal             : exinfo->fileuserdata       = 0x7ffc4b8bf038
[LOG] SystemI::createSoundInternal             : exinfo->initialseekpostype = 1
[LOG] SystemI::DSPCodecPoolRegister            : register codec pool for pool type 5
[LOG] SystemI::createSoundInternal             : Sample 0/1: name='wooden_plank_impact_02', format=2, channels=2, frequency=48000, lengthbytes=10336, lengthpcm=39424, pcmblocksize=0, loopstart=0, loopend=0, mode=0x00000000, channelmask=0x00000000, channelorder=0, peakvolume=0.999115.
[LOG] SystemI::createSoundInternal             : Create name='', mode=0x02000202
[LOG] SystemI::createSoundInternal             : exinfo->cbsize             = 224
[LOG] SystemI::createSoundInternal             : exinfo->length             = 21857824
[LOG] SystemI::createSoundInternal             : exinfo->fileoffset         = 92224
[LOG] SystemI::createSoundInternal             : exinfo->numsubsounds       = 1
[LOG] SystemI::createSoundInternal             : exinfo->inclusionlist      = 0x70000384494c
[LOG] SystemI::createSoundInternal             : exinfo->inclusionlistnum   = 1
[LOG] SystemI::createSoundInternal             : exinfo->suggestedsoundtype = 5
[LOG] SystemI::createSoundInternal             : exinfo->useropen           = 0x1519fa9e4
[LOG] SystemI::createSoundInternal             : exinfo->userclose          = 0x1519faa9b
[LOG] SystemI::createSoundInternal             : exinfo->userread           = 0x1519faac8
[LOG] SystemI::createSoundInternal             : exinfo->userseek           = 0x1519fab6a
[LOG] SystemI::createSoundInternal             : exinfo->fileuserdata       = 0x7ffc4b8bf038
[LOG] SystemI::createSoundInternal             : exinfo->initialseekpostype = 1
[LOG] SystemI::DSPCodecPoolRegister            : register codec pool for pool type 5
[LOG] SystemI::createSoundInternal             : Sample 0/1: name='wooden_plank_impact_01', format=2, channels=2, frequency=48000, lengthbytes=11168, lengthpcm=43264, pcmblocksize=0, loopstart=0, loopend=0, mode=0x00000000, channelmask=0x00000000, channelorder=0, peakvolume=0.999542.
[LOG] SystemI::createSoundInternal             : Create name='', mode=0x02000202
[LOG] SystemI::createSoundInternal             : exinfo->cbsize             = 224
[LOG] SystemI::createSoundInternal             : exinfo->length             = 21857824
[LOG] SystemI::createSoundInternal             : exinfo->fileoffset         = 92224
[LOG] SystemI::createSoundInternal             : exinfo->numsubsounds       = 1
[LOG] SystemI::createSoundInternal             : exinfo->inclusionlist      = 0x70000384494c
[LOG] SystemI::createSoundInternal             : exinfo->inclusionlistnum   = 1
[LOG] SystemI::createSoundInternal             : exinfo->suggestedsoundtype = 5
[LOG] SystemI::createSoundInternal             : exinfo->useropen           = 0x1519fa9e4
[LOG] SystemI::createSoundInternal             : exinfo->userclose          = 0x1519faa9b
[LOG] SystemI::createSoundInternal             : exinfo->userread           = 0x1519faac8
[LOG] SystemI::createSoundInternal             : exinfo->userseek           = 0x1519fab6a
[LOG] SystemI::createSoundInternal             : exinfo->fileuserdata       = 0x7ffc4b8bf038
[LOG] SystemI::createSoundInternal             : exinfo->initialseekpostype = 1
[LOG] SystemI::DSPCodecPoolRegister            : register codec pool for pool type 5
[LOG] SystemI::createSoundInternal             : Sample 0/1: name='bullet_impact_wood_04', format=2, channels=2, frequency=48000, lengthbytes=13376, lengthpcm=42354, pcmblocksize=0, loopstart=0, loopend=0, mode=0x00000000, channelmask=0x00000000, channelorder=0, peakvolume=0.964722.
[LOG] SystemI::createSoundInternal             : Create name='', mode=0x02000202
[LOG] SystemI::createSoundInternal             : exinfo->cbsize             = 224
[LOG] SystemI::createSoundInternal             : exinfo->length             = 21857824
[LOG] SystemI::createSoundInternal             : exinfo->fileoffset         = 92224
[LOG] SystemI::createSoundInternal             : exinfo->numsubsounds       = 1
[LOG] SystemI::createSoundInternal             : exinfo->inclusionlist      = 0x70000384494c
[LOG] SystemI::createSoundInternal             : exinfo->inclusionlistnum   = 1
[LOG] SystemI::createSoundInternal             : exinfo->suggestedsoundtype = 5
[LOG] SystemI::createSoundInternal             : exinfo->useropen           = 0x1519fa9e4
[LOG] SystemI::createSoundInternal             : exinfo->userclose          = 0x1519faa9b
[LOG] SystemI::createSoundInternal             : exinfo->userread           = 0x1519faac8
[LOG] SystemI::createSoundInternal             : exinfo->userseek           = 0x1519fab6a
[LOG] SystemI::createSoundInternal             : exinfo->fileuserdata       = 0x7ffc4b8bf038
[LOG] SystemI::createSoundInternal             : exinfo->initialseekpostype = 1
[LOG] SystemI::DSPCodecPoolRegister            : register codec pool for pool type 5
[LOG] SystemI::createSoundInternal             : Sample 0/1: name='bullet_impact_wood_02', format=2, channels=2, frequency=48000, lengthbytes=9632, lengthpcm=35666, pcmblocksize=0, loopstart=0, loopend=0, mode=0x00000000, channelmask=0x00000000, channelorder=0, peakvolume=0.960724.
[LOG] SystemI::createSoundInternal             : Create name='', mode=0x02000202
[LOG] SystemI::createSoundInternal             : exinfo->cbsize             = 224
[LOG] SystemI::createSoundInternal             : exinfo->length             = 21857824
[LOG] SystemI::createSoundInternal             : exinfo->fileoffset         = 92224
[LOG] SystemI::createSoundInternal             : exinfo->numsubsounds       = 1
[LOG] SystemI::createSoundInternal             : exinfo->inclusionlist      = 0x70000384494c
[LOG] SystemI::createSoundInternal             : exinfo->inclusionlistnum   = 1
[LOG] SystemI::createSoundInternal             : exinfo->suggestedsoundtype = 5
[LOG] SystemI::createSoundInternal             : exinfo->useropen           = 0x1519fa9e4
[LOG] SystemI::createSoundInternal             : exinfo->userclose          = 0x1519faa9b
[LOG] SystemI::createSoundInternal             : exinfo->userread           = 0x1519faac8
[LOG] SystemI::createSoundInternal             : exinfo->userseek           = 0x1519fab6a
[LOG] SystemI::createSoundInternal             : exinfo->fileuserdata       = 0x7ffc4b8bf038
[LOG] SystemI::createSoundInternal             : exinfo->initialseekpostype = 1
[LOG] SystemI::DSPCodecPoolRegister            : register codec pool for pool type 5
[LOG] SystemI::createSoundInternal             : Sample 0/1: name='wooden_plank_impact_03', format=2, channels=2, frequency=48000, lengthbytes=11264, lengthpcm=44032, pcmblocksize=0, loopstart=0, loopend=0, mode=0x00000000, channelmask=0x00000000, channelorder=0, peakvolume=0.999969.
[LOG] SystemI::createSoundInternal             : Create name='', mode=0x02000202
[LOG] SystemI::createSoundInternal             : exinfo->cbsize             = 224
[LOG] SystemI::createSoundInternal             : exinfo->length             = 21857824
[LOG] SystemI::createSoundInternal             : exinfo->fileoffset         = 92224
[LOG] SystemI::createSoundInternal             : exinfo->numsubsounds       = 1
[LOG] SystemI::createSoundInternal             : exinfo->inclusionlist      = 0x70000384494c
[LOG] SystemI::createSoundInternal             : exinfo->inclusionlistnum   = 1
[LOG] SystemI::createSoundInternal             : exinfo->suggestedsoundtype = 5
[LOG] SystemI::createSoundInternal             : exinfo->useropen           = 0x1519fa9e4
[LOG] SystemI::createSoundInternal             : exinfo->userclose          = 0x1519faa9b
[LOG] SystemI::createSoundInternal             : exinfo->userread           = 0x1519faac8
[LOG] SystemI::createSoundInternal             : exinfo->userseek           = 0x1519fab6a
[LOG] SystemI::createSoundInternal             : exinfo->fileuserdata       = 0x7ffc4b8bf038
[LOG] SystemI::createSoundInternal             : exinfo->initialseekpostype = 1
[LOG] SystemI::DSPCodecPoolRegister            : register codec pool for pool type 5
[LOG] SystemI::createSoundInternal             : Sample 0/1: name='bullet_impact_wood_01', format=2, channels=2, frequency=48000, lengthbytes=11808, lengthpcm=44583, pcmblocksize=0, loopstart=0, loopend=0, mode=0x00000000, channelmask=0x00000000, channelorder=0, peakvolume=0.945740.
[LOG] SoundI::release                          :  (0x7ffc6c4ec248)
[LOG] SoundI::release                          :     wooden_plank_impact_01 (0x7ffc6c4ec3b8)
[LOG] SoundI::release                          :  (0x7ffc4b8e2678)
[LOG] SoundI::release                          :     wooden_plank_impact_02 (0x7ffc4b8e27e8)
[LOG] SoundI::release                          :  (0x7ffc4d6255c8)
[LOG] SoundI::release                          :     wooden_plank_impact_03 (0x7ffc4d625738)
[LOG] SoundI::release                          :  (0x7ffc4b8e21c8)
[LOG] SoundI::release                          :     wooden_plank_impact_04 (0x7ffc4b8e2338)
[LOG] SoundI::release                          :  (0x7ffc4d625a78)
[LOG] SoundI::release                          :     bullet_impact_wood_01 (0x7ffc4d625be8)
[LOG] SoundI::release                          :  (0x7ffc6c4ed098)
[LOG] SoundI::release                          :     bullet_impact_wood_02 (0x7ffc6c4ed208)
[LOG] SoundI::release                          :  (0x7ffc4b8bc5f8)
[LOG] SoundI::release                          :     bullet_impact_wood_03 (0x7ffc4b8bc768)
[LOG] SoundI::release                          :  (0x7ffc6c4ecbe8)
[LOG] SoundI::release                          :     bullet_impact_wood_04 (0x7ffc6c4ecd58)
[LOG] Manager::readBank                        : fileversion = 125, compatVersion = 119 (oldest = 44, newest = 125)
[LOG] PlaybackSystem::acquireMasterBus         : Setting master channel group format to 6
[LOG] Manager::readBank                        : fileversion = 125, compatVersion = 119 (oldest = 44, newest = 125)
[LOG] SystemI::createSoundInternal             : Create name='', mode=0x02000202
[LOG] SystemI::createSoundInternal             : exinfo->cbsize             = 224
[LOG] SystemI::createSoundInternal             : exinfo->length             = 21857824
[LOG] SystemI::createSoundInternal             : exinfo->fileoffset         = 92224
[LOG] SystemI::createSoundInternal             : exinfo->numsubsounds       = 1
[LOG] SystemI::createSoundInternal             : exinfo->inclusionlist      = 0x70000384494c
[LOG] SystemI::createSoundInternal             : exinfo->inclusionlistnum   = 1
[LOG] SystemI::createSoundInternal             : exinfo->suggestedsoundtype = 5
[LOG] SystemI::createSoundInternal             : exinfo->useropen           = 0x1519fa9e4
[LOG] SystemI::createSoundInternal             : exinfo->userclose          = 0x1519faa9b
[LOG] SystemI::createSoundInternal             : exinfo->userread           = 0x1519faac8
[LOG] SystemI::createSoundInternal             : exinfo->userseek           = 0x1519fab6a
[LOG] SystemI::createSoundInternal             : exinfo->fileuserdata       = 0x7ffc54c511e8
[LOG] SystemI::createSoundInternal             : exinfo->initialseekpostype = 1
[LOG] SystemI::DSPCodecPoolRegister            : register codec pool for pool type 5
[LOG] SystemI::createSoundInternal             : Sample 0/1: name='Mossberg_M500_Pump_Action_Shotgun_Pump_Action_02', format=2, channels=2, frequency=48000, lengthbytes=17952, lengthpcm=56285, pcmblocksize=0, loopstart=0, loopend=0, mode=0x00000000, channelmask=0x00000000, channelorder=0, peakvolume=0.971558.
[LOG] SystemI::createSoundInternal             : Create name='', mode=0x02000202
[LOG] SystemI::createSoundInternal             : exinfo->cbsize             = 224
[LOG] SystemI::createSoundInternal             : exinfo->length             = 21857824
[LOG] SystemI::createSoundInternal             : exinfo->fileoffset         = 92224
[LOG] SystemI::createSoundInternal             : exinfo->numsubsounds       = 1
[LOG] SystemI::createSoundInternal             : exinfo->inclusionlist      = 0x70000384494c
[LOG] SystemI::createSoundInternal             : exinfo->inclusionlistnum   = 1
[LOG] SystemI::createSoundInternal             : exinfo->suggestedsoundtype = 5
[LOG] SystemI::createSoundInternal             : exinfo->useropen           = 0x1519fa9e4
[LOG] SystemI::createSoundInternal             : exinfo->userclose          = 0x1519faa9b
[LOG] SystemI::createSoundInternal             : exinfo->userread           = 0x1519faac8
[LOG] SystemI::createSoundInternal             : exinfo->userseek           = 0x1519fab6a
[LOG] SystemI::createSoundInternal             : exinfo->fileuserdata       = 0x7ffc54c511e8
[LOG] SystemI::createSoundInternal             : exinfo->initialseekpostype = 1
[LOG] SystemI::DSPCodecPoolRegister            : register codec pool for pool type 5
[LOG] SystemI::createSoundInternal             : Sample 0/1: name='Mossberg_M500_Pump_Action_Shotgun_Pump_Action_06', format=2, channels=2, frequency=48000, lengthbytes=11296, lengthpcm=39009, pcmblocksize=0, loopstart=0, loopend=0, mode=0x00000000, channelmask=0x00000000, channelorder=0, peakvolume=0.962006.
[LOG] SoundI::release                          :  (0x7ffc54c4e718)
[LOG] SoundI::release                          :     Mossberg_M500_Pump_Action_Shotgun_Pump_Action_02 (0x7ffc54c4e888)
[LOG] SoundI::release                          :  (0x7ffc54c73f68)
[LOG] SoundI::release                          :     Mossberg_M500_Pump_Action_Shotgun_Pump_Action_06 (0x7ffc54c740d8)
[LOG] Manager::readBank                        : fileversion = 125, compatVersion = 119 (oldest = 44, newest = 125)
[LOG] PlaybackSystem::acquireMasterBus         : Setting master channel group format to 6
[LOG] Manager::readBank                        : fileversion = 125, compatVersion = 119 (oldest = 44, newest = 125)
[LOG] SystemI::createSoundInternal             : Create name='', mode=0x02000202
[LOG] SystemI::createSoundInternal             : exinfo->cbsize             = 224
[LOG] SystemI::createSoundInternal             : exinfo->length             = 21857824
[LOG] SystemI::createSoundInternal             : exinfo->fileoffset         = 92224
[LOG] SystemI::createSoundInternal             : exinfo->numsubsounds       = 1
[LOG] SystemI::createSoundInternal             : exinfo->inclusionlist      = 0x70000384494c
[LOG] SystemI::createSoundInternal             : exinfo->inclusionlistnum   = 1
[LOG] SystemI::createSoundInternal             : exinfo->suggestedsoundtype = 5
[LOG] SystemI::createSoundInternal             : exinfo->useropen           = 0x1519fa9e4
[LOG] SystemI::createSoundInternal             : exinfo->userclose          = 0x1519faa9b
[LOG] SystemI::createSoundInternal             : exinfo->userread           = 0x1519faac8
[LOG] SystemI::createSoundInternal             : exinfo->userseek           = 0x1519fab6a
[LOG] SystemI::createSoundInternal             : exinfo->fileuserdata       = 0x7ffc558aecc8
[LOG] SystemI::createSoundInternal             : exinfo->initialseekpostype = 1
[LOG] SystemI::DSPCodecPoolRegister            : register codec pool for pool type 5
[LOG] SystemI::createSoundInternal             : Sample 0/1: name='bow_release_04', format=2, channels=2, frequency=48000, lengthbytes=5536, lengthpcm=18913, pcmblocksize=0, loopstart=0, loopend=0, mode=0x00000000, channelmask=0x00000000, channelorder=0, peakvolume=0.741608.
[LOG] SystemI::createSoundInternal             : Create name='', mode=0x02000202
[LOG] SystemI::createSoundInternal             : exinfo->cbsize             = 224
[LOG] SystemI::createSoundInternal             : exinfo->length             = 21857824
[LOG] SystemI::createSoundInternal             : exinfo->fileoffset         = 92224
[LOG] SystemI::createSoundInternal             : exinfo->numsubsounds       = 1
[LOG] SystemI::createSoundInternal             : exinfo->inclusionlist      = 0x70000384494c
[LOG] SystemI::createSoundInternal             : exinfo->inclusionlistnum   = 1
[LOG] SystemI::createSoundInternal             : exinfo->suggestedsoundtype = 5
[LOG] SystemI::createSoundInternal             : exinfo->useropen           = 0x1519fa9e4
[LOG] SystemI::createSoundInternal             : exinfo->userclose          = 0x1519faa9b
[LOG] SystemI::createSoundInternal             : exinfo->userread           = 0x1519faac8
[LOG] SystemI::createSoundInternal             : exinfo->userseek           = 0x1519fab6a
[LOG] SystemI::createSoundInternal             : exinfo->fileuserdata       = 0x7ffc558aecc8
[LOG] SystemI::createSoundInternal             : exinfo->initialseekpostype = 1
[LOG] SystemI::DSPCodecPoolRegister            : register codec pool for pool type 5
[LOG] SystemI::createSoundInternal             : Sample 0/1: name='bow_release_05', format=2, channels=2, frequency=48000, lengthbytes=6560, lengthpcm=23132, pcmblocksize=0, loopstart=0, loopend=0, mode=0x00000000, channelmask=0x00000000, channelorder=0, peakvolume=0.715881.
[LOG] SystemI::createSoundInternal             : Create name='', mode=0x02000202
[LOG] SystemI::createSoundInternal             : exinfo->cbsize             = 224
[LOG] SystemI::createSoundInternal             : exinfo->length             = 21857824
[LOG] SystemI::createSoundInternal             : exinfo->fileoffset         = 92224
[LOG] SystemI::createSoundInternal             : exinfo->numsubsounds       = 1
[LOG] SystemI::createSoundInternal             : exinfo->inclusionlist      = 0x70000384494c
[LOG] SystemI::createSoundInternal             : exinfo->inclusionlistnum   = 1
[LOG] SystemI::createSoundInternal             : exinfo->suggestedsoundtype = 5
[LOG] SystemI::createSoundInternal             : exinfo->useropen           = 0x1519fa9e4
[LOG] SystemI::createSoundInternal             : exinfo->userclose          = 0x1519faa9b
[LOG] SystemI::createSoundInternal             : exinfo->userread           = 0x1519faac8
[LOG] SystemI::createSoundInternal             : exinfo->userseek           = 0x1519fab6a
[LOG] SystemI::createSoundInternal             : exinfo->fileuserdata       = 0x7ffc558aecc8
[LOG] SystemI::createSoundInternal             : exinfo->initialseekpostype = 1
[LOG] SystemI::DSPCodecPoolRegister            : register codec pool for pool type 5
[LOG] SystemI::createSoundInternal             : Sample 0/1: name='bow_release_03', format=2, channels=2, frequency=48000, lengthbytes=5344, lengthpcm=17903, pcmblocksize=0, loopstart=0, loopend=0, mode=0x00000000, channelmask=0x00000000, channelorder=0, peakvolume=0.862091.
[LOG] SystemI::createSoundInternal             : Create name='', mode=0x02000202
[LOG] SystemI::createSoundInternal             : exinfo->cbsize             = 224
[LOG] SystemI::createSoundInternal             : exinfo->length             = 21857824
[LOG] SystemI::createSoundInternal             : exinfo->fileoffset         = 92224
[LOG] SystemI::createSoundInternal             : exinfo->numsubsounds       = 1
[LOG] SystemI::createSoundInternal             : exinfo->inclusionlist      = 0x70000384494c
[LOG] SystemI::createSoundInternal             : exinfo->inclusionlistnum   = 1
[LOG] SystemI::createSoundInternal             : exinfo->suggestedsoundtype = 5
[LOG] SystemI::createSoundInternal             : exinfo->useropen           = 0x1519fa9e4
[LOG] SystemI::createSoundInternal             : exinfo->userclose          = 0x1519faa9b
[LOG] SystemI::createSoundInternal             : exinfo->userread           = 0x1519faac8
[LOG] SystemI::createSoundInternal             : exinfo->userseek           = 0x1519fab6a
[LOG] SystemI::createSoundInternal             : exinfo->fileuserdata       = 0x7ffc558aecc8
[LOG] SystemI::createSoundInternal             : exinfo->initialseekpostype = 1
[LOG] SystemI::DSPCodecPoolRegister            : register codec pool for pool type 5
[LOG] SystemI::createSoundInternal             : Sample 0/1: name='bow_release_02', format=2, channels=2, frequency=48000, lengthbytes=9856, lengthpcm=35771, pcmblocksize=0, loopstart=0, loopend=0, mode=0x00000000, channelmask=0x00000000, channelorder=0, peakvolume=0.737427.
[LOG] SystemI::createSoundInternal             : Create name='', mode=0x02000202
[LOG] SystemI::createSoundInternal             : exinfo->cbsize             = 224
[LOG] SystemI::createSoundInternal             : exinfo->length             = 21857824
[LOG] SystemI::createSoundInternal             : exinfo->fileoffset         = 92224
[LOG] SystemI::createSoundInternal             : exinfo->numsubsounds       = 1
[LOG] SystemI::createSoundInternal             : exinfo->inclusionlist      = 0x70000384494c
[LOG] SystemI::createSoundInternal             : exinfo->inclusionlistnum   = 1
[LOG] SystemI::createSoundInternal             : exinfo->suggestedsoundtype = 5
[LOG] SystemI::createSoundInternal             : exinfo->useropen           = 0x1519fa9e4
[LOG] SystemI::createSoundInternal             : exinfo->userclose          = 0x1519faa9b
[LOG] SystemI::createSoundInternal             : exinfo->userread           = 0x1519faac8
[LOG] SystemI::createSoundInternal             : exinfo->userseek           = 0x1519fab6a
[LOG] SystemI::createSoundInternal             : exinfo->fileuserdata       = 0x7ffc558aecc8
[LOG] SystemI::createSoundInternal             : exinfo->initialseekpostype = 1
[LOG] SystemI::DSPCodecPoolRegister            : register codec pool for pool type 5
[LOG] SystemI::createSoundInternal             : Sample 0/1: name='bow_release_01', format=2, channels=2, frequency=48000, lengthbytes=5856, lengthpcm=20224, pcmblocksize=0, loopstart=0, loopend=0, mode=0x00000000, channelmask=0x00000000, channelorder=0, peakvolume=0.842896.
[LOG] SoundI::release                          :  (0x7ffc55a47038)
[LOG] SoundI::release                          :     bow_release_01 (0x7ffc55a471a8)
[LOG] SoundI::release                          :  (0x7ffc55a46b88)
[LOG] SoundI::release                          :     bow_release_02 (0x7ffc55a46cf8)
[LOG] SoundI::release                          :  (0x7ffc55a466d8)
[LOG] SoundI::release                          :     bow_release_03 (0x7ffc55a46848)
[LOG] SoundI::release                          :  (0x7ffc55a45b38)
[LOG] SoundI::release                          :     bow_release_04 (0x7ffc55a45ca8)
[LOG] SoundI::release                          :  (0x7ffc55a46228)
[LOG] SoundI::release                          :     bow_release_05 (0x7ffc55a46398)
[LOG] Manager::readBank                        : fileversion = 125, compatVersion = 119 (oldest = 44, newest = 125)
[LOG] PlaybackSystem::acquireMasterBus         : Setting master channel group format to 6
[LOG] Manager::readBank                        : fileversion = 125, compatVersion = 119 (oldest = 44, newest = 125)
[LOG] SystemI::createSoundInternal             : Create name='', mode=0x02000202
[LOG] SystemI::createSoundInternal             : exinfo->cbsize             = 224
[LOG] SystemI::createSoundInternal             : exinfo->length             = 21857824
[LOG] SystemI::createSoundInternal             : exinfo->fileoffset         = 92224
[LOG] SystemI::createSoundInternal             : exinfo->numsubsounds       = 1
[LOG] SystemI::createSoundInternal             : exinfo->inclusionlist      = 0x70000384494c
[LOG] SystemI::createSoundInternal             : exinfo->inclusionlistnum   = 1
[LOG] SystemI::createSoundInternal             : exinfo->suggestedsoundtype = 5
[LOG] SystemI::createSoundInternal             : exinfo->useropen           = 0x1519fa9e4
[LOG] SystemI::createSoundInternal             : exinfo->userclose          = 0x1519faa9b
[LOG] SystemI::createSoundInternal             : exinfo->userread           = 0x1519faac8
[LOG] SystemI::createSoundInternal             : exinfo->userseek           = 0x1519fab6a
[LOG] SystemI::createSoundInternal             : exinfo->fileuserdata       = 0x7ffc55a66aa8
[LOG] SystemI::createSoundInternal             : exinfo->initialseekpostype = 1
[LOG] SystemI::DSPCodecPoolRegister            : register codec pool for pool type 5
[LOG] SystemI::createSoundInternal             : Sample 0/1: name='bow_release_04', format=2, channels=2, frequency=48000, lengthbytes=5536, lengthpcm=18913, pcmblocksize=0, loopstart=0, loopend=0, mode=0x00000000, channelmask=0x00000000, channelorder=0, peakvolume=0.741608.
[LOG] SystemI::createSoundInternal             : Create name='', mode=0x02000202
[LOG] SystemI::createSoundInternal             : exinfo->cbsize             = 224
[LOG] SystemI::createSoundInternal             : exinfo->length             = 21857824
[LOG] SystemI::createSoundInternal             : exinfo->fileoffset         = 92224
[LOG] SystemI::createSoundInternal             : exinfo->numsubsounds       = 1
[LOG] SystemI::createSoundInternal             : exinfo->inclusionlist      = 0x70000384494c
[LOG] SystemI::createSoundInternal             : exinfo->inclusionlistnum   = 1
[LOG] SystemI::createSoundInternal             : exinfo->suggestedsoundtype = 5
[LOG] SystemI::createSoundInternal             : exinfo->useropen           = 0x1519fa9e4
[LOG] SystemI::createSoundInternal             : exinfo->userclose          = 0x1519faa9b
[LOG] SystemI::createSoundInternal             : exinfo->userread           = 0x1519faac8
[LOG] SystemI::createSoundInternal             : exinfo->userseek           = 0x1519fab6a
[LOG] SystemI::createSoundInternal             : exinfo->fileuserdata       = 0x7ffc55a66aa8
[LOG] SystemI::createSoundInternal             : exinfo->initialseekpostype = 1
[LOG] SystemI::DSPCodecPoolRegister            : register codec pool for pool type 5
[LOG] SystemI::createSoundInternal             : Sample 0/1: name='bow_release_05', format=2, channels=2, frequency=48000, lengthbytes=6560, lengthpcm=23132, pcmblocksize=0, loopstart=0, loopend=0, mode=0x00000000, channelmask=0x00000000, channelorder=0, peakvolume=0.715881.
[LOG] SystemI::createSoundInternal             : Create name='', mode=0x02000202
[LOG] SystemI::createSoundInternal             : exinfo->cbsize             = 224
[LOG] SystemI::createSoundInternal             : exinfo->length             = 21857824
[LOG] SystemI::createSoundInternal             : exinfo->fileoffset         = 92224
[LOG] SystemI::createSoundInternal             : exinfo->numsubsounds       = 1
[LOG] SystemI::createSoundInternal             : exinfo->inclusionlist      = 0x70000384494c
[LOG] SystemI::createSoundInternal             : exinfo->inclusionlistnum   = 1
[LOG] SystemI::createSoundInternal             : exinfo->suggestedsoundtype = 5
[LOG] SystemI::createSoundInternal             : exinfo->useropen           = 0x1519fa9e4
[LOG] SystemI::createSoundInternal             : exinfo->userclose          = 0x1519faa9b
[LOG] SystemI::createSoundInternal             : exinfo->userread           = 0x1519faac8
[LOG] SystemI::createSoundInternal             : exinfo->userseek           = 0x1519fab6a
[LOG] SystemI::createSoundInternal             : exinfo->fileuserdata       = 0x7ffc55a66aa8
[LOG] SystemI::createSoundInternal             : exinfo->initialseekpostype = 1
[LOG] SystemI::DSPCodecPoolRegister            : register codec pool for pool type 5
[LOG] SystemI::createSoundInternal             : Sample 0/1: name='bow_release_03', format=2, channels=2, frequency=48000, lengthbytes=5344, lengthpcm=17903, pcmblocksize=0, loopstart=0, loopend=0, mode=0x00000000, channelmask=0x00000000, channelorder=0, peakvolume=0.862091.
[LOG] SystemI::createSoundInternal             : Create name='', mode=0x02000202
[LOG] SystemI::createSoundInternal             : exinfo->cbsize             = 224
[LOG] SystemI::createSoundInternal             : exinfo->length             = 21857824
[LOG] SystemI::createSoundInternal             : exinfo->fileoffset         = 92224
[LOG] SystemI::createSoundInternal             : exinfo->numsubsounds       = 1
[LOG] SystemI::createSoundInternal             : exinfo->inclusionlist      = 0x70000384494c
[LOG] SystemI::createSoundInternal             : exinfo->inclusionlistnum   = 1
[LOG] SystemI::createSoundInternal             : exinfo->suggestedsoundtype = 5
[LOG] SystemI::createSoundInternal             : exinfo->useropen           = 0x1519fa9e4
[LOG] SystemI::createSoundInternal             : exinfo->userclose          = 0x1519faa9b
[LOG] SystemI::createSoundInternal             : exinfo->userread           = 0x1519faac8
[LOG] SystemI::createSoundInternal             : exinfo->userseek           = 0x1519fab6a
[LOG] SystemI::createSoundInternal             : exinfo->fileuserdata       = 0x7ffc55a66aa8
[LOG] SystemI::createSoundInternal             : exinfo->initialseekpostype = 1
[LOG] SystemI::DSPCodecPoolRegister            : register codec pool for pool type 5
[LOG] SystemI::createSoundInternal             : Sample 0/1: name='bow_release_02', format=2, channels=2, frequency=48000, lengthbytes=9856, lengthpcm=35771, pcmblocksize=0, loopstart=0, loopend=0, mode=0x00000000, channelmask=0x00000000, channelorder=0, peakvolume=0.737427.
[LOG] SystemI::createSoundInternal             : Create name='', mode=0x02000202
[LOG] SystemI::createSoundInternal             : exinfo->cbsize             = 224
[LOG] SystemI::createSoundInternal             : exinfo->length             = 21857824
[LOG] SystemI::createSoundInternal             : exinfo->fileoffset         = 92224
[LOG] SystemI::createSoundInternal             : exinfo->numsubsounds       = 1
[LOG] SystemI::createSoundInternal             : exinfo->inclusionlist      = 0x70000384494c
[LOG] SystemI::createSoundInternal             : exinfo->inclusionlistnum   = 1
[LOG] SystemI::createSoundInternal             : exinfo->suggestedsoundtype = 5
[LOG] SystemI::createSoundInternal             : exinfo->useropen           = 0x1519fa9e4
[LOG] SystemI::createSoundInternal             : exinfo->userclose          = 0x1519faa9b
[LOG] SystemI::createSoundInternal             : exinfo->userread           = 0x1519faac8
[LOG] SystemI::createSoundInternal             : exinfo->userseek           = 0x1519fab6a
[LOG] SystemI::createSoundInternal             : exinfo->fileuserdata       = 0x7ffc55a66aa8
[LOG] SystemI::createSoundInternal             : exinfo->initialseekpostype = 1
[LOG] SystemI::DSPCodecPoolRegister            : register codec pool for pool type 5
[LOG] SystemI::createSoundInternal             : Sample 0/1: name='bow_release_01', format=2, channels=2, frequency=48000, lengthbytes=5856, lengthpcm=20224, pcmblocksize=0, loopstart=0, loopend=0, mode=0x00000000, channelmask=0x00000000, channelorder=0, peakvolume=0.842896.
[LOG] SoundI::release                          :  (0x7ffc55a8a928)
[LOG] SoundI::release                          :     bow_release_01 (0x7ffc55a8aa98)
[LOG] SoundI::release                          :  (0x7ffc55a8a478)
[LOG] SoundI::release                          :     bow_release_02 (0x7ffc55a8a5e8)
[LOG] SoundI::release                          :  (0x7ffc55a89fc8)
[LOG] SoundI::release                          :     bow_release_03 (0x7ffc55a8a138)
[LOG] SoundI::release                          :  (0x7ffc55a40158)
[LOG] SoundI::release                          :     bow_release_04 (0x7ffc55a439a8)
[LOG] SoundI::release                          :  (0x7ffc55a89b18)
[LOG] SoundI::release                          :     bow_release_05 (0x7ffc55a89c88)
[LOG] Manager::readBank                        : fileversion = 125, compatVersion = 119 (oldest = 44, newest = 125)
[LOG] PlaybackSystem::acquireMasterBus         : Setting master channel group format to 6
[LOG] Manager::readBank                        : fileversion = 125, compatVersion = 119 (oldest = 44, newest = 125)
[LOG] SystemI::createSoundInternal             : Create name='', mode=0x02000202
[LOG] SystemI::createSoundInternal             : exinfo->cbsize             = 224
[LOG] SystemI::createSoundInternal             : exinfo->length             = 21857824
[LOG] SystemI::createSoundInternal             : exinfo->fileoffset         = 92224
[LOG] SystemI::createSoundInternal             : exinfo->numsubsounds       = 1
[LOG] SystemI::createSoundInternal             : exinfo->inclusionlist      = 0x70000384494c
[LOG] SystemI::createSoundInternal             : exinfo->inclusionlistnum   = 1
[LOG] SystemI::createSoundInternal             : exinfo->suggestedsoundtype = 5
[LOG] SystemI::createSoundInternal             : exinfo->useropen           = 0x1519fa9e4
[LOG] SystemI::createSoundInternal             : exinfo->userclose          = 0x1519faa9b
[LOG] SystemI::createSoundInternal             : exinfo->userread           = 0x1519faac8
[LOG] SystemI::createSoundInternal             : exinfo->userseek           = 0x1519fab6a
[LOG] SystemI::createSoundInternal             : exinfo->fileuserdata       = 0x7ffc55a93188
[LOG] SystemI::createSoundInternal             : exinfo->initialseekpostype = 1
[LOG] SystemI::DSPCodecPoolRegister            : register codec pool for pool type 5
[LOG] SystemI::createSoundInternal             : Sample 0/1: name='bow_release_04', format=2, channels=2, frequency=48000, lengthbytes=5536, lengthpcm=18913, pcmblocksize=0, loopstart=0, loopend=0, mode=0x00000000, channelmask=0x00000000, channelorder=0, peakvolume=0.741608.
[LOG] SystemI::createSoundInternal             : Create name='', mode=0x02000202
[LOG] SystemI::createSoundInternal             : exinfo->cbsize             = 224
[LOG] SystemI::createSoundInternal             : exinfo->length             = 21857824
[LOG] SystemI::createSoundInternal             : exinfo->fileoffset         = 92224
[LOG] SystemI::createSoundInternal             : exinfo->numsubsounds       = 1
[LOG] SystemI::createSoundInternal             : exinfo->inclusionlist      = 0x70000384494c
[LOG] SystemI::createSoundInternal             : exinfo->inclusionlistnum   = 1
[LOG] SystemI::createSoundInternal             : exinfo->suggestedsoundtype = 5
[LOG] SystemI::createSoundInternal             : exinfo->useropen           = 0x1519fa9e4
[LOG] SystemI::createSoundInternal             : exinfo->userclose          = 0x1519faa9b
[LOG] SystemI::createSoundInternal             : exinfo->userread           = 0x1519faac8
[LOG] SystemI::createSoundInternal             : exinfo->userseek           = 0x1519fab6a
[LOG] SystemI::createSoundInternal             : exinfo->fileuserdata       = 0x7ffc55a93188
[LOG] SystemI::createSoundInternal             : exinfo->initialseekpostype = 1
[LOG] SystemI::DSPCodecPoolRegister            : register codec pool for pool type 5
[LOG] SystemI::createSoundInternal             : Sample 0/1: name='bow_release_05', format=2, channels=2, frequency=48000, lengthbytes=6560, lengthpcm=23132, pcmblocksize=0, loopstart=0, loopend=0, mode=0x00000000, channelmask=0x00000000, channelorder=0, peakvolume=0.715881.
[LOG] SystemI::createSoundInternal             : Create name='', mode=0x02000202
[LOG] SystemI::createSoundInternal             : exinfo->cbsize             = 224
[LOG] SystemI::createSoundInternal             : exinfo->length             = 21857824
[LOG] SystemI::createSoundInternal             : exinfo->fileoffset         = 92224
[LOG] SystemI::createSoundInternal             : exinfo->numsubsounds       = 1
[LOG] SystemI::createSoundInternal             : exinfo->inclusionlist      = 0x70000384494c
[LOG] SystemI::createSoundInternal             : exinfo->inclusionlistnum   = 1
[LOG] SystemI::createSoundInternal             : exinfo->suggestedsoundtype = 5
[LOG] SystemI::createSoundInternal             : exinfo->useropen           = 0x1519fa9e4
[LOG] SystemI::createSoundInternal             : exinfo->userclose          = 0x1519faa9b
[LOG] SystemI::createSoundInternal             : exinfo->userread           = 0x1519faac8
[LOG] SystemI::createSoundInternal             : exinfo->userseek           = 0x1519fab6a
[LOG] SystemI::createSoundInternal             : exinfo->fileuserdata       = 0x7ffc55a93188
[LOG] SystemI::createSoundInternal             : exinfo->initialseekpostype = 1
[LOG] SystemI::DSPCodecPoolRegister            : register codec pool for pool type 5
[LOG] SystemI::createSoundInternal             : Sample 0/1: name='bow_release_03', format=2, channels=2, frequency=48000, lengthbytes=5344, lengthpcm=17903, pcmblocksize=0, loopstart=0, loopend=0, mode=0x00000000, channelmask=0x00000000, channelorder=0, peakvolume=0.862091.
[LOG] SystemI::createSoundInternal             : Create name='', mode=0x02000202
[LOG] SystemI::createSoundInternal             : exinfo->cbsize             = 224
[LOG] SystemI::createSoundInternal             : exinfo->length             = 21857824
[LOG] SystemI::createSoundInternal             : exinfo->fileoffset         = 92224
[LOG] SystemI::createSoundInternal             : exinfo->numsubsounds       = 1
[LOG] SystemI::createSoundInternal             : exinfo->inclusionlist      = 0x70000384494c
[LOG] SystemI::createSoundInternal             : exinfo->inclusionlistnum   = 1
[LOG] SystemI::createSoundInternal             : exinfo->suggestedsoundtype = 5
[LOG] SystemI::createSoundInternal             : exinfo->useropen           = 0x1519fa9e4
[LOG] SystemI::createSoundInternal             : exinfo->userclose          = 0x1519faa9b
[LOG] SystemI::createSoundInternal             : exinfo->userread           = 0x1519faac8
[LOG] SystemI::createSoundInternal             : exinfo->userseek           = 0x1519fab6a
[LOG] SystemI::createSoundInternal             : exinfo->fileuserdata       = 0x7ffc55a93188
[LOG] SystemI::createSoundInternal             : exinfo->initialseekpostype = 1
[LOG] SystemI::DSPCodecPoolRegister            : register codec pool for pool type 5
[LOG] SystemI::createSoundInternal             : Sample 0/1: name='bow_release_02', format=2, channels=2, frequency=48000, lengthbytes=9856, lengthpcm=35771, pcmblocksize=0, loopstart=0, loopend=0, mode=0x00000000, channelmask=0x00000000, channelorder=0, peakvolume=0.737427.
[LOG] SystemI::createSoundInternal             : Create name='', mode=0x02000202
[LOG] SystemI::createSoundInternal             : exinfo->cbsize             = 224
[LOG] SystemI::createSoundInternal             : exinfo->length             = 21857824
[LOG] SystemI::createSoundInternal             : exinfo->fileoffset         = 92224
[LOG] SystemI::createSoundInternal             : exinfo->numsubsounds       = 1
[LOG] SystemI::createSoundInternal             : exinfo->inclusionlist      = 0x70000384494c
[LOG] SystemI::createSoundInternal             : exinfo->inclusionlistnum   = 1
[LOG] SystemI::createSoundInternal             : exinfo->suggestedsoundtype = 5
[LOG] SystemI::createSoundInternal             : exinfo->useropen           = 0x1519fa9e4
[LOG] SystemI::createSoundInternal             : exinfo->userclose          = 0x1519faa9b
[LOG] SystemI::createSoundInternal             : exinfo->userread           = 0x1519faac8
[LOG] SystemI::createSoundInternal             : exinfo->userseek           = 0x1519fab6a
[LOG] SystemI::createSoundInternal             : exinfo->fileuserdata       = 0x7ffc55a93188
[LOG] SystemI::createSoundInternal             : exinfo->initialseekpostype = 1
[LOG] SystemI::DSPCodecPoolRegister            : register codec pool for pool type 5
[LOG] SystemI::createSoundInternal             : Sample 0/1: name='bow_release_01', format=2, channels=2, frequency=48000, lengthbytes=5856, lengthpcm=20224, pcmblocksize=0, loopstart=0, loopend=0, mode=0x00000000, channelmask=0x00000000, channelorder=0, peakvolume=0.842896.
[LOG] SoundI::release                          :  (0x7ffc55a3fd88)
[LOG] SoundI::release                          :     bow_release_01 (0x7ffc55a3fef8)
[LOG] SoundI::release                          :  (0x7ffc55a653e8)
[LOG] SoundI::release                          :     bow_release_02 (0x7ffc55a65558)
[LOG] SoundI::release                          :  (0x7ffc55a46408)
[LOG] SoundI::release                          :     bow_release_03 (0x7ffc55a46578)
[LOG] SoundI::release                          :  (0x7ffc55a878e8)
[LOG] SoundI::release                          :     bow_release_04 (0x7ffc55a87a58)
[LOG] SoundI::release                          :  (0x7ffc55a95618)
[LOG] SoundI::release                          :     bow_release_05 (0x7ffc55ab9a28)
[LOG] Manager::readBank                        : fileversion = 125, compatVersion = 119 (oldest = 44, newest = 125)
[LOG] PlaybackSystem::acquireMasterBus         : Setting master channel group format to 6
[LOG] Manager::readBank                        : fileversion = 125, compatVersion = 119 (oldest = 44, newest = 125)
[LOG] SystemI::createSoundInternal             : Create name='', mode=0x02000202
[LOG] SystemI::createSoundInternal             : exinfo->cbsize             = 224
[LOG] SystemI::createSoundInternal             : exinfo->length             = 21857824
[LOG] SystemI::createSoundInternal             : exinfo->fileoffset         = 92224
[LOG] SystemI::createSoundInternal             : exinfo->numsubsounds       = 1
[LOG] SystemI::createSoundInternal             : exinfo->inclusionlist      = 0x70000384494c
[LOG] SystemI::createSoundInternal             : exinfo->inclusionlistnum   = 1
[LOG] SystemI::createSoundInternal             : exinfo->suggestedsoundtype = 5
[LOG] SystemI::createSoundInternal             : exinfo->useropen           = 0x1519fa9e4
[LOG] SystemI::createSoundInternal             : exinfo->userclose          = 0x1519faa9b
[LOG] SystemI::createSoundInternal             : exinfo->userread           = 0x1519faac8
[LOG] SystemI::createSoundInternal             : exinfo->userseek           = 0x1519fab6a
[LOG] SystemI::createSoundInternal             : exinfo->fileuserdata       = 0x7ffc55c1e028
[LOG] SystemI::createSoundInternal             : exinfo->initialseekpostype = 1
[LOG] SystemI::DSPCodecPoolRegister            : register codec pool for pool type 5
[LOG] SystemI::createSoundInternal             : Sample 0/1: name='bow_release_04', format=2, channels=2, frequency=48000, lengthbytes=5536, lengthpcm=18913, pcmblocksize=0, loopstart=0, loopend=0, mode=0x00000000, channelmask=0x00000000, channelorder=0, peakvolume=0.741608.
[LOG] SystemI::createSoundInternal             : Create name='', mode=0x02000202
[LOG] SystemI::createSoundInternal             : exinfo->cbsize             = 224
[LOG] SystemI::createSoundInternal             : exinfo->length             = 21857824
[LOG] SystemI::createSoundInternal             : exinfo->fileoffset         = 92224
[LOG] SystemI::createSoundInternal             : exinfo->numsubsounds       = 1
[LOG] SystemI::createSoundInternal             : exinfo->inclusionlist      = 0x70000384494c
[LOG] SystemI::createSoundInternal             : exinfo->inclusionlistnum   = 1
[LOG] SystemI::createSoundInternal             : exinfo->suggestedsoundtype = 5
[LOG] SystemI::createSoundInternal             : exinfo->useropen           = 0x1519fa9e4
[LOG] SystemI::createSoundInternal             : exinfo->userclose          = 0x1519faa9b
[LOG] SystemI::createSoundInternal             : exinfo->userread           = 0x1519faac8
[LOG] SystemI::createSoundInternal             : exinfo->userseek           = 0x1519fab6a
[LOG] SystemI::createSoundInternal             : exinfo->fileuserdata       = 0x7ffc55c1e028
[LOG] SystemI::createSoundInternal             : exinfo->initialseekpostype = 1
[LOG] SystemI::DSPCodecPoolRegister            : register codec pool for pool type 5
[LOG] SystemI::createSoundInternal             : Sample 0/1: name='bow_release_05', format=2, channels=2, frequency=48000, lengthbytes=6560, lengthpcm=23132, pcmblocksize=0, loopstart=0, loopend=0, mode=0x00000000, channelmask=0x00000000, channelorder=0, peakvolume=0.715881.
[LOG] SystemI::createSoundInternal             : Create name='', mode=0x02000202
[LOG] SystemI::createSoundInternal             : exinfo->cbsize             = 224
[LOG] SystemI::createSoundInternal             : exinfo->length             = 21857824
[LOG] SystemI::createSoundInternal             : exinfo->fileoffset         = 92224
[LOG] SystemI::createSoundInternal             : exinfo->numsubsounds       = 1
[LOG] SystemI::createSoundInternal             : exinfo->inclusionlist      = 0x70000384494c
[LOG] SystemI::createSoundInternal             : exinfo->inclusionlistnum   = 1
[LOG] SystemI::createSoundInternal             : exinfo->suggestedsoundtype = 5
[LOG] SystemI::createSoundInternal             : exinfo->useropen           = 0x1519fa9e4
[LOG] SystemI::createSoundInternal             : exinfo->userclose          = 0x1519faa9b
[LOG] SystemI::createSoundInternal             : exinfo->userread           = 0x1519faac8
[LOG] SystemI::createSoundInternal             : exinfo->userseek           = 0x1519fab6a
[LOG] SystemI::createSoundInternal             : exinfo->fileuserdata       = 0x7ffc55c1e028
[LOG] SystemI::createSoundInternal             : exinfo->initialseekpostype = 1
[LOG] SystemI::DSPCodecPoolRegister            : register codec pool for pool type 5
[LOG] SystemI::createSoundInternal             : Sample 0/1: name='bow_release_03', format=2, channels=2, frequency=48000, lengthbytes=5344, lengthpcm=17903, pcmblocksize=0, loopstart=0, loopend=0, mode=0x00000000, channelmask=0x00000000, channelorder=0, peakvolume=0.862091.
[LOG] SystemI::createSoundInternal             : Create name='', mode=0x02000202
[LOG] SystemI::createSoundInternal             : exinfo->cbsize             = 224
[LOG] SystemI::createSoundInternal             : exinfo->length             = 21857824
[LOG] SystemI::createSoundInternal             : exinfo->fileoffset         = 92224
[LOG] SystemI::createSoundInternal             : exinfo->numsubsounds       = 1
[LOG] SystemI::createSoundInternal             : exinfo->inclusionlist      = 0x70000384494c
[LOG] SystemI::createSoundInternal             : exinfo->inclusionlistnum   = 1
[LOG] SystemI::createSoundInternal             : exinfo->suggestedsoundtype = 5
[LOG] SystemI::createSoundInternal             : exinfo->useropen           = 0x1519fa9e4
[LOG] SystemI::createSoundInternal             : exinfo->userclose          = 0x1519faa9b
[LOG] SystemI::createSoundInternal             : exinfo->userread           = 0x1519faac8
[LOG] SystemI::createSoundInternal             : exinfo->userseek           = 0x1519fab6a
[LOG] SystemI::createSoundInternal             : exinfo->fileuserdata       = 0x7ffc55c1e028
[LOG] SystemI::createSoundInternal             : exinfo->initialseekpostype = 1
[LOG] SystemI::DSPCodecPoolRegister            : register codec pool for pool type 5
[LOG] SystemI::createSoundInternal             : Sample 0/1: name='bow_release_02', format=2, channels=2, frequency=48000, lengthbytes=9856, lengthpcm=35771, pcmblocksize=0, loopstart=0, loopend=0, mode=0x00000000, channelmask=0x00000000, channelorder=0, peakvolume=0.737427.
[LOG] SystemI::createSoundInternal             : Create name='', mode=0x02000202
[LOG] SystemI::createSoundInternal             : exinfo->cbsize             = 224
[LOG] SystemI::createSoundInternal             : exinfo->length             = 21857824
[LOG] SystemI::createSoundInternal             : exinfo->fileoffset         = 92224
[LOG] SystemI::createSoundInternal             : exinfo->numsubsounds       = 1
[LOG] SystemI::createSoundInternal             : exinfo->inclusionlist      = 0x70000384494c
[LOG] SystemI::createSoundInternal             : exinfo->inclusionlistnum   = 1
[LOG] SystemI::createSoundInternal             : exinfo->suggestedsoundtype = 5
[LOG] SystemI::createSoundInternal             : exinfo->useropen           = 0x1519fa9e4
[LOG] SystemI::createSoundInternal             : exinfo->userclose          = 0x1519faa9b
[LOG] SystemI::createSoundInternal             : exinfo->userread           = 0x1519faac8
[LOG] SystemI::createSoundInternal             : exinfo->userseek           = 0x1519fab6a
[LOG] SystemI::createSoundInternal             : exinfo->fileuserdata       = 0x7ffc55c1e028
[LOG] SystemI::createSoundInternal             : exinfo->initialseekpostype = 1
[LOG] SystemI::DSPCodecPoolRegister            : register codec pool for pool type 5
[LOG] SystemI::createSoundInternal             : Sample 0/1: name='bow_release_01', format=2, channels=2, frequency=48000, lengthbytes=5856, lengthpcm=20224, pcmblocksize=0, loopstart=0, loopend=0, mode=0x00000000, channelmask=0x00000000, channelorder=0, peakvolume=0.842896.
[LOG] SoundI::release                          :  (0x7ffc55c404e8)
[LOG] SoundI::release                          :     bow_release_01 (0x7ffc55c40658)
[LOG] SoundI::release                          :  (0x7ffc55c40038)
[LOG] SoundI::release                          :     bow_release_02 (0x7ffc55c401a8)
[LOG] SoundI::release                          :  (0x7ffc55c3fb88)
[LOG] SoundI::release                          :     bow_release_03 (0x7ffc55c3fcf8)
[LOG] SoundI::release                          :  (0x7ffc55c3f228)
[LOG] SoundI::release                          :     bow_release_04 (0x7ffc55c3f398)
[LOG] SoundI::release                          :  (0x7ffc55c3f6d8)
[LOG] SoundI::release                          :     bow_release_05 (0x7ffc55c3f848)
[LOG] Thread::callback                         : FMOD Studio bank load thread finished.
[LOG] Thread::callback                         : FMOD Studio sample load thread finished.
[LOG] LiveUpdate::release                      : 
[LOG] LiveUpdate::reset                        : Reset connection (reason Disconnected)
[LOG] Thread::callback                         : FMOD stream thread finished.
[LOG] Thread::callback                         : FMOD mixer thread finished.
[LOG] SystemI::close                           : Closed.
